
*** Running vivado
    with args -log main.vds -m64 -product Vivado -mode batch -messageDb vivado.pb -notrace -source main.tcl


****** Vivado v2025.1 (64-bit)
  **** SW Build 6140274 on Wed May 21 22:58:25 MDT 2025
  **** IP Build 6138677 on Thu May 22 03:10:11 MDT 2025
  **** SharedData Build 6139179 on Tue May 20 17:58:58 MDT 2025
  **** Start of session at: Wed Jun 18 11:30:26 2025
    ** Copyright 1986-2022 Xilinx, Inc. All Rights Reserved.
    ** Copyright 2022-2025 Advanced Micro Devices, Inc. All Rights Reserved.

source main.tcl -notrace
Command: read_checkpoint -auto_incremental -incremental /home/mati/Documents/KacpiPUL/project_1.srcs/utils_1/imports/synth_1/main.dcp
INFO: [Vivado 12-5825] Read reference checkpoint from /home/mati/Documents/KacpiPUL/project_1.srcs/utils_1/imports/synth_1/main.dcp for incremental synthesis
INFO: [Vivado 12-7989] Please ensure there are no constraint changes
Command: synth_design -top main -part xc7a35ticsg324-1L
Starting synth_design
Attempting to get a license for feature 'Synthesis' and/or device 'xc7a35ti'
INFO: [Common 17-349] Got license for feature 'Synthesis' and/or device 'xc7a35ti'
INFO: [Device 21-403] Loading part xc7a35ticsg324-1L
INFO: [Designutils 20-5440] No compile time benefit to using incremental synthesis; A full resynthesis will be run
INFO: [Designutils 20-4379] Flow is switching to default flow due to incremental criteria not met. If you would like to alter this behaviour and have the flow terminate instead, please set the following parameter config_implementation {autoIncr.Synth.RejectBehavior Terminate}
INFO: [Synth 8-7079] Multithreading enabled for synth_design using a maximum of 7 processes.
INFO: [Synth 8-7078] Launching helper process for spawning children vivado processes
INFO: [Synth 8-7075] Helper process launched with PID 197954
---------------------------------------------------------------------------------
Starting RTL Elaboration : Time (s): cpu = 00:00:02 ; elapsed = 00:00:02 . Memory (MB): peak = 2114.695 ; gain = 440.742 ; free physical = 18140 ; free virtual = 26767
---------------------------------------------------------------------------------
INFO: [Synth 8-638] synthesizing module 'main' [/home/mati/Documents/KacpiPUL/project_1.srcs/sources_1/new/main.vhd:20]
INFO: [Synth 8-3491] module 'lcd' declared at '/home/mati/Documents/KacpiPUL/project_1.srcs/sources_1/new/lcd.vhd:5' bound to instance 'U2' of component 'lcd' [/home/mati/Documents/KacpiPUL/project_1.srcs/sources_1/new/main.vhd:65]
INFO: [Synth 8-638] synthesizing module 'lcd' [/home/mati/Documents/KacpiPUL/project_1.srcs/sources_1/new/lcd.vhd:16]
INFO: [Synth 8-256] done synthesizing module 'lcd' (0#1) [/home/mati/Documents/KacpiPUL/project_1.srcs/sources_1/new/lcd.vhd:16]
INFO: [Synth 8-3491] module 'spi_master' declared at '/home/mati/Documents/KacpiPUL/project_1.srcs/sources_1/new/spi_master.vhd:5' bound to instance 'spi_master_inst' of component 'spi_master' [/home/mati/Documents/KacpiPUL/project_1.srcs/sources_1/new/main.vhd:75]
INFO: [Synth 8-638] synthesizing module 'spi_master' [/home/mati/Documents/KacpiPUL/project_1.srcs/sources_1/new/spi_master.vhd:17]
INFO: [Synth 8-256] done synthesizing module 'spi_master' (0#1) [/home/mati/Documents/KacpiPUL/project_1.srcs/sources_1/new/spi_master.vhd:17]
INFO: [Synth 8-256] done synthesizing module 'main' (0#1) [/home/mati/Documents/KacpiPUL/project_1.srcs/sources_1/new/main.vhd:20]
---------------------------------------------------------------------------------
Finished RTL Elaboration : Time (s): cpu = 00:00:03 ; elapsed = 00:00:03 . Memory (MB): peak = 2190.633 ; gain = 516.680 ; free physical = 18030 ; free virtual = 26658
---------------------------------------------------------------------------------
---------------------------------------------------------------------------------
Start Handling Custom Attributes
---------------------------------------------------------------------------------
---------------------------------------------------------------------------------
Finished Handling Custom Attributes : Time (s): cpu = 00:00:03 ; elapsed = 00:00:03 . Memory (MB): peak = 2208.445 ; gain = 534.492 ; free physical = 18029 ; free virtual = 26657
---------------------------------------------------------------------------------
---------------------------------------------------------------------------------
Finished RTL Optimization Phase 1 : Time (s): cpu = 00:00:03 ; elapsed = 00:00:03 . Memory (MB): peak = 2208.445 ; gain = 534.492 ; free physical = 18029 ; free virtual = 26657
---------------------------------------------------------------------------------
Netlist sorting complete. Time (s): cpu = 00:00:00 ; elapsed = 00:00:00.01 . Memory (MB): peak = 2208.445 ; gain = 0.000 ; free physical = 18029 ; free virtual = 26657
INFO: [Project 1-570] Preparing netlist for logic optimization

Processing XDC Constraints
Initializing timing engine
Parsing XDC File [/home/mati/Documents/KacpiPUL/project_1.srcs/constrs_1/new/pinout.xdc]
WARNING: [Vivado 12-584] No ports matched 'SW[0]'. [/home/mati/Documents/KacpiPUL/project_1.srcs/constrs_1/new/pinout.xdc:2]
CRITICAL WARNING: [Common 17-55] 'set_property' expects at least one object. [/home/mati/Documents/KacpiPUL/project_1.srcs/constrs_1/new/pinout.xdc:2]
Resolution: If [get_<value>] was used to populate the object, check to make sure this command returns at least one valid object.
WARNING: [Vivado 12-584] No ports matched 'SW[1]'. [/home/mati/Documents/KacpiPUL/project_1.srcs/constrs_1/new/pinout.xdc:3]
CRITICAL WARNING: [Common 17-55] 'set_property' expects at least one object. [/home/mati/Documents/KacpiPUL/project_1.srcs/constrs_1/new/pinout.xdc:3]
Resolution: If [get_<value>] was used to populate the object, check to make sure this command returns at least one valid object.
WARNING: [Vivado 12-584] No ports matched 'SW[2]'. [/home/mati/Documents/KacpiPUL/project_1.srcs/constrs_1/new/pinout.xdc:4]
CRITICAL WARNING: [Common 17-55] 'set_property' expects at least one object. [/home/mati/Documents/KacpiPUL/project_1.srcs/constrs_1/new/pinout.xdc:4]
Resolution: If [get_<value>] was used to populate the object, check to make sure this command returns at least one valid object.
WARNING: [Vivado 12-584] No ports matched 'SW[3]'. [/home/mati/Documents/KacpiPUL/project_1.srcs/constrs_1/new/pinout.xdc:5]
CRITICAL WARNING: [Common 17-55] 'set_property' expects at least one object. [/home/mati/Documents/KacpiPUL/project_1.srcs/constrs_1/new/pinout.xdc:5]
Resolution: If [get_<value>] was used to populate the object, check to make sure this command returns at least one valid object.
WARNING: [Vivado 12-584] No ports matched 'LDAC'. [/home/mati/Documents/KacpiPUL/project_1.srcs/constrs_1/new/pinout.xdc:174]
CRITICAL WARNING: [Common 17-55] 'set_property' expects at least one object. [/home/mati/Documents/KacpiPUL/project_1.srcs/constrs_1/new/pinout.xdc:174]
Resolution: If [get_<value>] was used to populate the object, check to make sure this command returns at least one valid object.
WARNING: [Vivado 12-584] No ports matched 'LDAC'. [/home/mati/Documents/KacpiPUL/project_1.srcs/constrs_1/new/pinout.xdc:175]
CRITICAL WARNING: [Common 17-55] 'set_property' expects at least one object. [/home/mati/Documents/KacpiPUL/project_1.srcs/constrs_1/new/pinout.xdc:175]
Resolution: If [get_<value>] was used to populate the object, check to make sure this command returns at least one valid object.
WARNING: [Vivado 12-584] No ports matched 'DEBUG[7]'. [/home/mati/Documents/KacpiPUL/project_1.srcs/constrs_1/new/pinout.xdc:187]
CRITICAL WARNING: [Common 17-55] 'set_property' expects at least one object. [/home/mati/Documents/KacpiPUL/project_1.srcs/constrs_1/new/pinout.xdc:187]
Resolution: If [get_<value>] was used to populate the object, check to make sure this command returns at least one valid object.
WARNING: [Vivado 12-584] No ports matched 'DEBUG[6]'. [/home/mati/Documents/KacpiPUL/project_1.srcs/constrs_1/new/pinout.xdc:188]
CRITICAL WARNING: [Common 17-55] 'set_property' expects at least one object. [/home/mati/Documents/KacpiPUL/project_1.srcs/constrs_1/new/pinout.xdc:188]
Resolution: If [get_<value>] was used to populate the object, check to make sure this command returns at least one valid object.
WARNING: [Vivado 12-584] No ports matched 'DEBUG[5]'. [/home/mati/Documents/KacpiPUL/project_1.srcs/constrs_1/new/pinout.xdc:189]
CRITICAL WARNING: [Common 17-55] 'set_property' expects at least one object. [/home/mati/Documents/KacpiPUL/project_1.srcs/constrs_1/new/pinout.xdc:189]
Resolution: If [get_<value>] was used to populate the object, check to make sure this command returns at least one valid object.
WARNING: [Vivado 12-584] No ports matched 'DEBUG[4]'. [/home/mati/Documents/KacpiPUL/project_1.srcs/constrs_1/new/pinout.xdc:190]
CRITICAL WARNING: [Common 17-55] 'set_property' expects at least one object. [/home/mati/Documents/KacpiPUL/project_1.srcs/constrs_1/new/pinout.xdc:190]
Resolution: If [get_<value>] was used to populate the object, check to make sure this command returns at least one valid object.
WARNING: [Vivado 12-584] No ports matched 'DEBUG[3]'. [/home/mati/Documents/KacpiPUL/project_1.srcs/constrs_1/new/pinout.xdc:191]
CRITICAL WARNING: [Common 17-55] 'set_property' expects at least one object. [/home/mati/Documents/KacpiPUL/project_1.srcs/constrs_1/new/pinout.xdc:191]
Resolution: If [get_<value>] was used to populate the object, check to make sure this command returns at least one valid object.
WARNING: [Vivado 12-584] No ports matched 'DEBUG[2]'. [/home/mati/Documents/KacpiPUL/project_1.srcs/constrs_1/new/pinout.xdc:192]
CRITICAL WARNING: [Common 17-55] 'set_property' expects at least one object. [/home/mati/Documents/KacpiPUL/project_1.srcs/constrs_1/new/pinout.xdc:192]
Resolution: If [get_<value>] was used to populate the object, check to make sure this command returns at least one valid object.
WARNING: [Vivado 12-584] No ports matched 'DEBUG[1]'. [/home/mati/Documents/KacpiPUL/project_1.srcs/constrs_1/new/pinout.xdc:193]
CRITICAL WARNING: [Common 17-55] 'set_property' expects at least one object. [/home/mati/Documents/KacpiPUL/project_1.srcs/constrs_1/new/pinout.xdc:193]
Resolution: If [get_<value>] was used to populate the object, check to make sure this command returns at least one valid object.
WARNING: [Vivado 12-584] No ports matched 'DEBUG[0]'. [/home/mati/Documents/KacpiPUL/project_1.srcs/constrs_1/new/pinout.xdc:194]
CRITICAL WARNING: [Common 17-55] 'set_property' expects at least one object. [/home/mati/Documents/KacpiPUL/project_1.srcs/constrs_1/new/pinout.xdc:194]
Resolution: If [get_<value>] was used to populate the object, check to make sure this command returns at least one valid object.
WARNING: [Vivado 12-584] No ports matched 'DEBUG[0]'. [/home/mati/Documents/KacpiPUL/project_1.srcs/constrs_1/new/pinout.xdc:195]
CRITICAL WARNING: [Common 17-55] 'set_property' expects at least one object. [/home/mati/Documents/KacpiPUL/project_1.srcs/constrs_1/new/pinout.xdc:195]
Resolution: If [get_<value>] was used to populate the object, check to make sure this command returns at least one valid object.
WARNING: [Vivado 12-584] No ports matched 'DEBUG[1]'. [/home/mati/Documents/KacpiPUL/project_1.srcs/constrs_1/new/pinout.xdc:196]
CRITICAL WARNING: [Common 17-55] 'set_property' expects at least one object. [/home/mati/Documents/KacpiPUL/project_1.srcs/constrs_1/new/pinout.xdc:196]
Resolution: If [get_<value>] was used to populate the object, check to make sure this command returns at least one valid object.
WARNING: [Vivado 12-584] No ports matched 'DEBUG[2]'. [/home/mati/Documents/KacpiPUL/project_1.srcs/constrs_1/new/pinout.xdc:197]
CRITICAL WARNING: [Common 17-55] 'set_property' expects at least one object. [/home/mati/Documents/KacpiPUL/project_1.srcs/constrs_1/new/pinout.xdc:197]
Resolution: If [get_<value>] was used to populate the object, check to make sure this command returns at least one valid object.
WARNING: [Vivado 12-584] No ports matched 'DEBUG[3]'. [/home/mati/Documents/KacpiPUL/project_1.srcs/constrs_1/new/pinout.xdc:198]
CRITICAL WARNING: [Common 17-55] 'set_property' expects at least one object. [/home/mati/Documents/KacpiPUL/project_1.srcs/constrs_1/new/pinout.xdc:198]
Resolution: If [get_<value>] was used to populate the object, check to make sure this command returns at least one valid object.
WARNING: [Vivado 12-584] No ports matched 'DEBUG[4]'. [/home/mati/Documents/KacpiPUL/project_1.srcs/constrs_1/new/pinout.xdc:199]
CRITICAL WARNING: [Common 17-55] 'set_property' expects at least one object. [/home/mati/Documents/KacpiPUL/project_1.srcs/constrs_1/new/pinout.xdc:199]
Resolution: If [get_<value>] was used to populate the object, check to make sure this command returns at least one valid object.
WARNING: [Vivado 12-584] No ports matched 'DEBUG[5]'. [/home/mati/Documents/KacpiPUL/project_1.srcs/constrs_1/new/pinout.xdc:200]
CRITICAL WARNING: [Common 17-55] 'set_property' expects at least one object. [/home/mati/Documents/KacpiPUL/project_1.srcs/constrs_1/new/pinout.xdc:200]
Resolution: If [get_<value>] was used to populate the object, check to make sure this command returns at least one valid object.
WARNING: [Vivado 12-584] No ports matched 'DEBUG[6]'. [/home/mati/Documents/KacpiPUL/project_1.srcs/constrs_1/new/pinout.xdc:201]
CRITICAL WARNING: [Common 17-55] 'set_property' expects at least one object. [/home/mati/Documents/KacpiPUL/project_1.srcs/constrs_1/new/pinout.xdc:201]
Resolution: If [get_<value>] was used to populate the object, check to make sure this command returns at least one valid object.
WARNING: [Vivado 12-584] No ports matched 'DEBUG[7]'. [/home/mati/Documents/KacpiPUL/project_1.srcs/constrs_1/new/pinout.xdc:202]
CRITICAL WARNING: [Common 17-55] 'set_property' expects at least one object. [/home/mati/Documents/KacpiPUL/project_1.srcs/constrs_1/new/pinout.xdc:202]
Resolution: If [get_<value>] was used to populate the object, check to make sure this command returns at least one valid object.
Finished Parsing XDC File [/home/mati/Documents/KacpiPUL/project_1.srcs/constrs_1/new/pinout.xdc]
INFO: [Project 1-236] Implementation specific constraints were found while reading constraint file [/home/mati/Documents/KacpiPUL/project_1.srcs/constrs_1/new/pinout.xdc]. These constraints will be ignored for synthesis but will be used in implementation. Impacted constraints are listed in the file [.Xil/main_propImpl.xdc].
Resolution: To avoid this warning, move constraints listed in [.Xil/main_propImpl.xdc] to another XDC file and exclude this new file from synthesis with the used_in_synthesis property (File Properties dialog in GUI) and re-run elaboration/synthesis.
Completed Processing XDC Constraints

Netlist sorting complete. Time (s): cpu = 00:00:00 ; elapsed = 00:00:00 . Memory (MB): peak = 2335.184 ; gain = 0.000 ; free physical = 18017 ; free virtual = 26645
INFO: [Project 1-111] Unisim Transformation Summary:
No Unisim elements were transformed.

Constraint Validation Runtime : Time (s): cpu = 00:00:00 ; elapsed = 00:00:00 . Memory (MB): peak = 2335.219 ; gain = 0.000 ; free physical = 18017 ; free virtual = 26645
INFO: [Designutils 20-5440] No compile time benefit to using incremental synthesis; A full resynthesis will be run
INFO: [Designutils 20-4379] Flow is switching to default flow due to incremental criteria not met. If you would like to alter this behaviour and have the flow terminate instead, please set the following parameter config_implementation {autoIncr.Synth.RejectBehavior Terminate}
---------------------------------------------------------------------------------
Finished Constraint Validation : Time (s): cpu = 00:00:06 ; elapsed = 00:00:06 . Memory (MB): peak = 2335.219 ; gain = 661.266 ; free physical = 18034 ; free virtual = 26650
---------------------------------------------------------------------------------
---------------------------------------------------------------------------------
Start Loading Part and Timing Information
---------------------------------------------------------------------------------
Loading part: xc7a35ticsg324-1L
---------------------------------------------------------------------------------
Finished Loading Part and Timing Information : Time (s): cpu = 00:00:06 ; elapsed = 00:00:06 . Memory (MB): peak = 2343.188 ; gain = 669.234 ; free physical = 18034 ; free virtual = 26650
---------------------------------------------------------------------------------
---------------------------------------------------------------------------------
Start Applying 'set_property' XDC Constraints
---------------------------------------------------------------------------------
---------------------------------------------------------------------------------
Finished applying 'set_property' XDC Constraints : Time (s): cpu = 00:00:06 ; elapsed = 00:00:06 . Memory (MB): peak = 2343.188 ; gain = 669.234 ; free physical = 18034 ; free virtual = 26650
---------------------------------------------------------------------------------
INFO: [Synth 8-802] inferred FSM for state register 'current_state_reg' in module 'spi_master'
---------------------------------------------------------------------------------------------------
                   State |                     New Encoding |                Previous Encoding 
---------------------------------------------------------------------------------------------------
                send_bit |                             0001 |                               10
                  end_tx |                             0010 |                               11
                    idle |                             0100 |                               00
                  iSTATE |                             1000 |                               01
---------------------------------------------------------------------------------------------------
INFO: [Synth 8-3354] encoded FSM with state register 'current_state_reg' using encoding 'one-hot' in module 'spi_master'
WARNING: [Synth 8-12595] Onehot encoded FSM with state register 'current_state_reg' is not having reset. This may cause incorrect behavior. User should consider using FSM_SAFE_STATE attribute on the register
---------------------------------------------------------------------------------
Finished RTL Optimization Phase 2 : Time (s): cpu = 00:00:06 ; elapsed = 00:00:06 . Memory (MB): peak = 2343.188 ; gain = 669.234 ; free physical = 18040 ; free virtual = 26657
---------------------------------------------------------------------------------
---------------------------------------------------------------------------------
Start RTL Component Statistics 
---------------------------------------------------------------------------------
Detailed RTL Component Info : 
+---Adders : 
	   2 Input   32 Bit       Adders := 3     
	   2 Input   31 Bit       Adders := 4     
	   2 Input    8 Bit       Adders := 1     
	   2 Input    7 Bit       Adders := 3     
	   2 Input    6 Bit       Adders := 1     
	   2 Input    5 Bit       Adders := 4     
	   2 Input    4 Bit       Adders := 2     
+---Registers : 
	               31 Bit    Registers := 1     
	               12 Bit    Registers := 1     
	                8 Bit    Registers := 3     
	                6 Bit    Registers := 1     
	                5 Bit    Registers := 2     
	                4 Bit    Registers := 3     
	                2 Bit    Registers := 3     
	                1 Bit    Registers := 11    
+---Muxes : 
	   2 Input   32 Bit        Muxes := 3     
	   2 Input   31 Bit        Muxes := 3     
	   2 Input   12 Bit        Muxes := 2     
	   4 Input   12 Bit        Muxes := 1     
	   2 Input    8 Bit        Muxes := 1     
	   4 Input    8 Bit        Muxes := 1     
	   2 Input    7 Bit        Muxes := 1     
	   2 Input    6 Bit        Muxes := 4     
	   3 Input    5 Bit        Muxes := 2     
	   2 Input    5 Bit        Muxes := 5     
	   3 Input    4 Bit        Muxes := 1     
	   2 Input    4 Bit        Muxes := 2     
	   4 Input    2 Bit        Muxes := 2     
	   2 Input    2 Bit        Muxes := 1     
	  19 Input    1 Bit        Muxes := 10    
	   2 Input    1 Bit        Muxes := 12    
	   3 Input    1 Bit        Muxes := 3     
	   4 Input    1 Bit        Muxes := 7     
---------------------------------------------------------------------------------
Finished RTL Component Statistics 
---------------------------------------------------------------------------------
---------------------------------------------------------------------------------
Start Part Resource Summary
---------------------------------------------------------------------------------
Part Resources:
DSPs: 90 (col length:60)
BRAMs: 100 (col length: RAMB18 60 RAMB36 30)
---------------------------------------------------------------------------------
Finished Part Resource Summary
---------------------------------------------------------------------------------
---------------------------------------------------------------------------------
Start Cross Boundary and Area Optimization
---------------------------------------------------------------------------------
WARNING: [Synth 8-7080] Parallel synthesis criteria is not met
---------------------------------------------------------------------------------
Finished Cross Boundary and Area Optimization : Time (s): cpu = 00:00:10 ; elapsed = 00:00:10 . Memory (MB): peak = 2343.188 ; gain = 669.234 ; free physical = 18003 ; free virtual = 26633
---------------------------------------------------------------------------------
---------------------------------------------------------------------------------
Start ROM, RAM, DSP, Shift Register and Retiming Reporting
---------------------------------------------------------------------------------

ROM: Preliminary Mapping Report
+------------+----------------+---------------+----------------+
|Module Name | RTL Object     | Depth x Width | Implemented As | 
+------------+----------------+---------------+----------------+
|lcd         | LCD_DATA_VALUE | 32x1          | LUT            | 
|lcd         | LCD_DATA_VALUE | 32x1          | LUT            | 
+------------+----------------+---------------+----------------+

---------------------------------------------------------------------------------
Finished ROM, RAM, DSP, Shift Register and Retiming Reporting
---------------------------------------------------------------------------------
---------------------------------------------------------------------------------
Start Applying XDC Timing Constraints
---------------------------------------------------------------------------------
---------------------------------------------------------------------------------
Finished Applying XDC Timing Constraints : Time (s): cpu = 00:00:12 ; elapsed = 00:00:12 . Memory (MB): peak = 2382.188 ; gain = 708.234 ; free physical = 17953 ; free virtual = 26583
---------------------------------------------------------------------------------
---------------------------------------------------------------------------------
Start Timing Optimization
---------------------------------------------------------------------------------
---------------------------------------------------------------------------------
Finished Timing Optimization : Time (s): cpu = 00:00:12 ; elapsed = 00:00:12 . Memory (MB): peak = 2403.219 ; gain = 729.266 ; free physical = 17929 ; free virtual = 26560
---------------------------------------------------------------------------------
---------------------------------------------------------------------------------
Start Technology Mapping
---------------------------------------------------------------------------------
---------------------------------------------------------------------------------
Finished Technology Mapping : Time (s): cpu = 00:00:12 ; elapsed = 00:00:13 . Memory (MB): peak = 2421.250 ; gain = 747.297 ; free physical = 17914 ; free virtual = 26544
---------------------------------------------------------------------------------
---------------------------------------------------------------------------------
Start IO Insertion
---------------------------------------------------------------------------------
---------------------------------------------------------------------------------
Start Flattening Before IO Insertion
---------------------------------------------------------------------------------
---------------------------------------------------------------------------------
Finished Flattening Before IO Insertion
---------------------------------------------------------------------------------
---------------------------------------------------------------------------------
Start Final Netlist Cleanup
---------------------------------------------------------------------------------
---------------------------------------------------------------------------------
Finished Final Netlist Cleanup
---------------------------------------------------------------------------------
---------------------------------------------------------------------------------
Finished IO Insertion : Time (s): cpu = 00:00:14 ; elapsed = 00:00:14 . Memory (MB): peak = 2569.062 ; gain = 895.109 ; free physical = 17804 ; free virtual = 26434
---------------------------------------------------------------------------------
---------------------------------------------------------------------------------
Start Renaming Generated Instances
---------------------------------------------------------------------------------
---------------------------------------------------------------------------------
Finished Renaming Generated Instances : Time (s): cpu = 00:00:14 ; elapsed = 00:00:14 . Memory (MB): peak = 2569.062 ; gain = 895.109 ; free physical = 17804 ; free virtual = 26434
---------------------------------------------------------------------------------
---------------------------------------------------------------------------------
Start Rebuilding User Hierarchy
---------------------------------------------------------------------------------
---------------------------------------------------------------------------------
Finished Rebuilding User Hierarchy : Time (s): cpu = 00:00:14 ; elapsed = 00:00:14 . Memory (MB): peak = 2569.062 ; gain = 895.109 ; free physical = 17796 ; free virtual = 26426
---------------------------------------------------------------------------------
---------------------------------------------------------------------------------
Start Renaming Generated Ports
---------------------------------------------------------------------------------
---------------------------------------------------------------------------------
Finished Renaming Generated Ports : Time (s): cpu = 00:00:14 ; elapsed = 00:00:14 . Memory (MB): peak = 2569.062 ; gain = 895.109 ; free physical = 17796 ; free virtual = 26426
---------------------------------------------------------------------------------
---------------------------------------------------------------------------------
Start Handling Custom Attributes
---------------------------------------------------------------------------------
---------------------------------------------------------------------------------
Finished Handling Custom Attributes : Time (s): cpu = 00:00:14 ; elapsed = 00:00:14 . Memory (MB): peak = 2569.062 ; gain = 895.109 ; free physical = 17796 ; free virtual = 26426
---------------------------------------------------------------------------------
---------------------------------------------------------------------------------
Start Renaming Generated Nets
---------------------------------------------------------------------------------
---------------------------------------------------------------------------------
Finished Renaming Generated Nets : Time (s): cpu = 00:00:14 ; elapsed = 00:00:14 . Memory (MB): peak = 2569.062 ; gain = 895.109 ; free physical = 17796 ; free virtual = 26426
---------------------------------------------------------------------------------
---------------------------------------------------------------------------------
Start Writing Synthesis Report
---------------------------------------------------------------------------------

Report BlackBoxes: 
+-+--------------+----------+
| |BlackBox name |Instances |
+-+--------------+----------+
+-+--------------+----------+

Report Cell Usage: 
+------+-------+------+
|      |Cell   |Count |
+------+-------+------+
|1     |BUFG   |     2|
|2     |CARRY4 |   308|
|3     |LUT1   |    55|
|4     |LUT2   |   345|
|5     |LUT3   |   365|
|6     |LUT4   |   260|
|7     |LUT5   |   281|
|8     |LUT6   |   515|
|9     |FDCE   |    31|
|10    |FDPE   |     4|
|11    |FDRE   |   130|
|12    |FDSE   |     1|
|13    |IBUF   |     2|
|14    |OBUF   |     8|
+------+-------+------+
---------------------------------------------------------------------------------
Finished Writing Synthesis Report : Time (s): cpu = 00:00:14 ; elapsed = 00:00:14 . Memory (MB): peak = 2569.062 ; gain = 895.109 ; free physical = 17796 ; free virtual = 26426
---------------------------------------------------------------------------------
Synthesis finished with 0 errors, 0 critical warnings and 2 warnings.
Synthesis Optimization Runtime : Time (s): cpu = 00:00:13 ; elapsed = 00:00:14 . Memory (MB): peak = 2569.062 ; gain = 768.336 ; free physical = 17796 ; free virtual = 26426
Synthesis Optimization Complete : Time (s): cpu = 00:00:14 ; elapsed = 00:00:14 . Memory (MB): peak = 2569.070 ; gain = 895.109 ; free physical = 17796 ; free virtual = 26426
INFO: [Project 1-571] Translating synthesized netlist
Netlist sorting complete. Time (s): cpu = 00:00:00 ; elapsed = 00:00:00.01 . Memory (MB): peak = 2569.070 ; gain = 0.000 ; free physical = 17965 ; free virtual = 26595
INFO: [Netlist 29-17] Analyzing 308 Unisim elements for replacement
INFO: [Netlist 29-28] Unisim Transformation completed in 0 CPU seconds
WARNING: [Netlist 29-101] Netlist 'main' is not ideal for floorplanning, since the cellview 'lcd' contains a large number of primitives.  Please consider enabling hierarchy in synthesis if you want to do floorplanning.
INFO: [Project 1-570] Preparing netlist for logic optimization
INFO: [Opt 31-138] Pushed 0 inverter(s) to 0 load pin(s).
Netlist sorting complete. Time (s): cpu = 00:00:00 ; elapsed = 00:00:00 . Memory (MB): peak = 2625.090 ; gain = 0.000 ; free physical = 17970 ; free virtual = 26601
INFO: [Project 1-111] Unisim Transformation Summary:
No Unisim elements were transformed.

Synth Design complete | Checksum: a84697a4
INFO: [Common 17-83] Releasing license: Synthesis
31 Infos, 25 Warnings, 22 Critical Warnings and 0 Errors encountered.
synth_design completed successfully
synth_design: Time (s): cpu = 00:00:18 ; elapsed = 00:00:17 . Memory (MB): peak = 2625.125 ; gain = 1088.320 ; free physical = 17970 ; free virtual = 26600
INFO: [Common 17-2834] synth_design peak Physical Memory [PSS] (MB): overall = 1748.384; main = 1748.384; forked = 275.752
INFO: [Common 17-2834] synth_design peak Virtual Memory [VSS] (MB): overall = 3314.453; main = 2625.094; forked = 971.262
INFO: [runtcl-6] Synthesis results are not added to the cache due to CRITICAL_WARNING
Write ShapeDB Complete: Time (s): cpu = 00:00:00 ; elapsed = 00:00:00 . Memory (MB): peak = 2649.102 ; gain = 0.000 ; free physical = 17973 ; free virtual = 26603
INFO: [Common 17-1381] The checkpoint '/home/mati/Documents/KacpiPUL/project_1.runs/synth_1/main.dcp' has been generated.
INFO: [Vivado 12-24828] Executing command : report_utilization -file main_utilization_synth.rpt -pb main_utilization_synth.pb
INFO: [Common 17-206] Exiting Vivado at Wed Jun 18 11:30:45 2025...
