
*** Running vivado
    with args -log main.vdi -applog -m64 -product Vivado -messageDb vivado.pb -mode batch -source main.tcl -notrace


****** Vivado v2025.1 (64-bit)
  **** SW Build 6140274 on Wed May 21 22:58:25 MDT 2025
  **** IP Build 6138677 on Thu May 22 03:10:11 MDT 2025
  **** SharedData Build 6139179 on Tue May 20 17:58:58 MDT 2025
  **** Start of session at: Wed Jun 18 10:27:15 2025
    ** Copyright 1986-2022 Xilinx, Inc. All Rights Reserved.
    ** Copyright 2022-2025 Advanced Micro Devices, Inc. All Rights Reserved.

source main.tcl -notrace
Command: link_design -top main -part xc7a35ticsg324-1L
Design is defaulting to srcset: sources_1
Design is defaulting to constrset: constrs_1
INFO: [Device 21-403] Loading part xc7a35ticsg324-1L
Netlist sorting complete. Time (s): cpu = 00:00:00 ; elapsed = 00:00:00.01 . Memory (MB): peak = 1685.180 ; gain = 0.000 ; free physical = 22998 ; free virtual = 29225
INFO: [Netlist 29-17] Analyzing 20 Unisim elements for replacement
INFO: [Netlist 29-28] Unisim Transformation completed in 0 CPU seconds
INFO: [Project 1-479] Netlist was created with Vivado 2025.1
INFO: [Project 1-570] Preparing netlist for logic optimization
Parsing XDC File [/home/mati/Documents/KacpiPUL/project_1.srcs/constrs_1/new/pinout.xdc]
WARNING: [Vivado 12-584] No ports matched 'SW[0]'. [/home/mati/Documents/KacpiPUL/project_1.srcs/constrs_1/new/pinout.xdc:2]
CRITICAL WARNING: [Common 17-55] 'set_property' expects at least one object. [/home/mati/Documents/KacpiPUL/project_1.srcs/constrs_1/new/pinout.xdc:2]
Resolution: If [get_<value>] was used to populate the object, check to make sure this command returns at least one valid object.
WARNING: [Vivado 12-584] No ports matched 'SW[1]'. [/home/mati/Documents/KacpiPUL/project_1.srcs/constrs_1/new/pinout.xdc:3]
CRITICAL WARNING: [Common 17-55] 'set_property' expects at least one object. [/home/mati/Documents/KacpiPUL/project_1.srcs/constrs_1/new/pinout.xdc:3]
Resolution: If [get_<value>] was used to populate the object, check to make sure this command returns at least one valid object.
WARNING: [Vivado 12-584] No ports matched 'SW[2]'. [/home/mati/Documents/KacpiPUL/project_1.srcs/constrs_1/new/pinout.xdc:4]
CRITICAL WARNING: [Common 17-55] 'set_property' expects at least one object. [/home/mati/Documents/KacpiPUL/project_1.srcs/constrs_1/new/pinout.xdc:4]
Resolution: If [get_<value>] was used to populate the object, check to make sure this command returns at least one valid object.
WARNING: [Vivado 12-584] No ports matched 'SW[3]'. [/home/mati/Documents/KacpiPUL/project_1.srcs/constrs_1/new/pinout.xdc:5]
CRITICAL WARNING: [Common 17-55] 'set_property' expects at least one object. [/home/mati/Documents/KacpiPUL/project_1.srcs/constrs_1/new/pinout.xdc:5]
Resolution: If [get_<value>] was used to populate the object, check to make sure this command returns at least one valid object.
WARNING: [Vivado 12-584] No ports matched 'LDAC'. [/home/mati/Documents/KacpiPUL/project_1.srcs/constrs_1/new/pinout.xdc:174]
CRITICAL WARNING: [Common 17-55] 'set_property' expects at least one object. [/home/mati/Documents/KacpiPUL/project_1.srcs/constrs_1/new/pinout.xdc:174]
Resolution: If [get_<value>] was used to populate the object, check to make sure this command returns at least one valid object.
WARNING: [Vivado 12-584] No ports matched 'LDAC'. [/home/mati/Documents/KacpiPUL/project_1.srcs/constrs_1/new/pinout.xdc:175]
CRITICAL WARNING: [Common 17-55] 'set_property' expects at least one object. [/home/mati/Documents/KacpiPUL/project_1.srcs/constrs_1/new/pinout.xdc:175]
Resolution: If [get_<value>] was used to populate the object, check to make sure this command returns at least one valid object.
WARNING: [Vivado 12-584] No ports matched 'DEBUG[7]'. [/home/mati/Documents/KacpiPUL/project_1.srcs/constrs_1/new/pinout.xdc:187]
CRITICAL WARNING: [Common 17-55] 'set_property' expects at least one object. [/home/mati/Documents/KacpiPUL/project_1.srcs/constrs_1/new/pinout.xdc:187]
Resolution: If [get_<value>] was used to populate the object, check to make sure this command returns at least one valid object.
WARNING: [Vivado 12-584] No ports matched 'DEBUG[6]'. [/home/mati/Documents/KacpiPUL/project_1.srcs/constrs_1/new/pinout.xdc:188]
CRITICAL WARNING: [Common 17-55] 'set_property' expects at least one object. [/home/mati/Documents/KacpiPUL/project_1.srcs/constrs_1/new/pinout.xdc:188]
Resolution: If [get_<value>] was used to populate the object, check to make sure this command returns at least one valid object.
WARNING: [Vivado 12-584] No ports matched 'DEBUG[5]'. [/home/mati/Documents/KacpiPUL/project_1.srcs/constrs_1/new/pinout.xdc:189]
CRITICAL WARNING: [Common 17-55] 'set_property' expects at least one object. [/home/mati/Documents/KacpiPUL/project_1.srcs/constrs_1/new/pinout.xdc:189]
Resolution: If [get_<value>] was used to populate the object, check to make sure this command returns at least one valid object.
WARNING: [Vivado 12-584] No ports matched 'DEBUG[4]'. [/home/mati/Documents/KacpiPUL/project_1.srcs/constrs_1/new/pinout.xdc:190]
CRITICAL WARNING: [Common 17-55] 'set_property' expects at least one object. [/home/mati/Documents/KacpiPUL/project_1.srcs/constrs_1/new/pinout.xdc:190]
Resolution: If [get_<value>] was used to populate the object, check to make sure this command returns at least one valid object.
WARNING: [Vivado 12-584] No ports matched 'DEBUG[3]'. [/home/mati/Documents/KacpiPUL/project_1.srcs/constrs_1/new/pinout.xdc:191]
CRITICAL WARNING: [Common 17-55] 'set_property' expects at least one object. [/home/mati/Documents/KacpiPUL/project_1.srcs/constrs_1/new/pinout.xdc:191]
Resolution: If [get_<value>] was used to populate the object, check to make sure this command returns at least one valid object.
WARNING: [Vivado 12-584] No ports matched 'DEBUG[2]'. [/home/mati/Documents/KacpiPUL/project_1.srcs/constrs_1/new/pinout.xdc:192]
CRITICAL WARNING: [Common 17-55] 'set_property' expects at least one object. [/home/mati/Documents/KacpiPUL/project_1.srcs/constrs_1/new/pinout.xdc:192]
Resolution: If [get_<value>] was used to populate the object, check to make sure this command returns at least one valid object.
WARNING: [Vivado 12-584] No ports matched 'DEBUG[1]'. [/home/mati/Documents/KacpiPUL/project_1.srcs/constrs_1/new/pinout.xdc:193]
CRITICAL WARNING: [Common 17-55] 'set_property' expects at least one object. [/home/mati/Documents/KacpiPUL/project_1.srcs/constrs_1/new/pinout.xdc:193]
Resolution: If [get_<value>] was used to populate the object, check to make sure this command returns at least one valid object.
WARNING: [Vivado 12-584] No ports matched 'DEBUG[0]'. [/home/mati/Documents/KacpiPUL/project_1.srcs/constrs_1/new/pinout.xdc:194]
CRITICAL WARNING: [Common 17-55] 'set_property' expects at least one object. [/home/mati/Documents/KacpiPUL/project_1.srcs/constrs_1/new/pinout.xdc:194]
Resolution: If [get_<value>] was used to populate the object, check to make sure this command returns at least one valid object.
WARNING: [Vivado 12-584] No ports matched 'DEBUG[0]'. [/home/mati/Documents/KacpiPUL/project_1.srcs/constrs_1/new/pinout.xdc:195]
CRITICAL WARNING: [Common 17-55] 'set_property' expects at least one object. [/home/mati/Documents/KacpiPUL/project_1.srcs/constrs_1/new/pinout.xdc:195]
Resolution: If [get_<value>] was used to populate the object, check to make sure this command returns at least one valid object.
WARNING: [Vivado 12-584] No ports matched 'DEBUG[1]'. [/home/mati/Documents/KacpiPUL/project_1.srcs/constrs_1/new/pinout.xdc:196]
CRITICAL WARNING: [Common 17-55] 'set_property' expects at least one object. [/home/mati/Documents/KacpiPUL/project_1.srcs/constrs_1/new/pinout.xdc:196]
Resolution: If [get_<value>] was used to populate the object, check to make sure this command returns at least one valid object.
WARNING: [Vivado 12-584] No ports matched 'DEBUG[2]'. [/home/mati/Documents/KacpiPUL/project_1.srcs/constrs_1/new/pinout.xdc:197]
CRITICAL WARNING: [Common 17-55] 'set_property' expects at least one object. [/home/mati/Documents/KacpiPUL/project_1.srcs/constrs_1/new/pinout.xdc:197]
Resolution: If [get_<value>] was used to populate the object, check to make sure this command returns at least one valid object.
WARNING: [Vivado 12-584] No ports matched 'DEBUG[3]'. [/home/mati/Documents/KacpiPUL/project_1.srcs/constrs_1/new/pinout.xdc:198]
CRITICAL WARNING: [Common 17-55] 'set_property' expects at least one object. [/home/mati/Documents/KacpiPUL/project_1.srcs/constrs_1/new/pinout.xdc:198]
Resolution: If [get_<value>] was used to populate the object, check to make sure this command returns at least one valid object.
WARNING: [Vivado 12-584] No ports matched 'DEBUG[4]'. [/home/mati/Documents/KacpiPUL/project_1.srcs/constrs_1/new/pinout.xdc:199]
CRITICAL WARNING: [Common 17-55] 'set_property' expects at least one object. [/home/mati/Documents/KacpiPUL/project_1.srcs/constrs_1/new/pinout.xdc:199]
Resolution: If [get_<value>] was used to populate the object, check to make sure this command returns at least one valid object.
WARNING: [Vivado 12-584] No ports matched 'DEBUG[5]'. [/home/mati/Documents/KacpiPUL/project_1.srcs/constrs_1/new/pinout.xdc:200]
CRITICAL WARNING: [Common 17-55] 'set_property' expects at least one object. [/home/mati/Documents/KacpiPUL/project_1.srcs/constrs_1/new/pinout.xdc:200]
Resolution: If [get_<value>] was used to populate the object, check to make sure this command returns at least one valid object.
WARNING: [Vivado 12-584] No ports matched 'DEBUG[6]'. [/home/mati/Documents/KacpiPUL/project_1.srcs/constrs_1/new/pinout.xdc:201]
CRITICAL WARNING: [Common 17-55] 'set_property' expects at least one object. [/home/mati/Documents/KacpiPUL/project_1.srcs/constrs_1/new/pinout.xdc:201]
Resolution: If [get_<value>] was used to populate the object, check to make sure this command returns at least one valid object.
WARNING: [Vivado 12-584] No ports matched 'DEBUG[7]'. [/home/mati/Documents/KacpiPUL/project_1.srcs/constrs_1/new/pinout.xdc:202]
CRITICAL WARNING: [Common 17-55] 'set_property' expects at least one object. [/home/mati/Documents/KacpiPUL/project_1.srcs/constrs_1/new/pinout.xdc:202]
Resolution: If [get_<value>] was used to populate the object, check to make sure this command returns at least one valid object.
Finished Parsing XDC File [/home/mati/Documents/KacpiPUL/project_1.srcs/constrs_1/new/pinout.xdc]
INFO: [Opt 31-138] Pushed 0 inverter(s) to 0 load pin(s).
Netlist sorting complete. Time (s): cpu = 00:00:00 ; elapsed = 00:00:00 . Memory (MB): peak = 1858.848 ; gain = 0.000 ; free physical = 22894 ; free virtual = 29128
INFO: [Project 1-111] Unisim Transformation Summary:
No Unisim elements were transformed.

7 Infos, 22 Warnings, 22 Critical Warnings and 0 Errors encountered.
link_design completed successfully
Command: opt_design
Attempting to get a license for feature 'Implementation' and/or device 'xc7a35ti'
INFO: [Common 17-349] Got license for feature 'Implementation' and/or device 'xc7a35ti'
Running DRC as a precondition to command opt_design

Starting DRC Task
INFO: [DRC 23-27] Running DRC with 8 threads
INFO: [Project 1-461] DRC finished with 0 Errors
INFO: [Project 1-462] Please refer to the DRC report (report_drc) for more information.

Time (s): cpu = 00:00:00.75 ; elapsed = 00:00:00.29 . Memory (MB): peak = 1998.660 ; gain = 128.871 ; free physical = 22798 ; free virtual = 29033

Starting Cache Timing Information Task
INFO: [Timing 38-35] Done setting XDC timing constraints.
Ending Cache Timing Information Task | Checksum: 28523ecab

Time (s): cpu = 00:00:03 ; elapsed = 00:00:04 . Memory (MB): peak = 2391.613 ; gain = 392.953 ; free physical = 22386 ; free virtual = 28634

Starting Logic Optimization Task

Phase 1 Initialization

Phase 1.1 Core Generation And Design Setup
Phase 1.1 Core Generation And Design Setup | Checksum: 28523ecab

Time (s): cpu = 00:00:00 ; elapsed = 00:00:00 . Memory (MB): peak = 2754.449 ; gain = 0.000 ; free physical = 22056 ; free virtual = 28304

Phase 1.2 Setup Constraints And Sort Netlist
Phase 1.2 Setup Constraints And Sort Netlist | Checksum: 28523ecab

Time (s): cpu = 00:00:00 ; elapsed = 00:00:00 . Memory (MB): peak = 2754.449 ; gain = 0.000 ; free physical = 22056 ; free virtual = 28304
Phase 1 Initialization | Checksum: 28523ecab

Time (s): cpu = 00:00:00 ; elapsed = 00:00:00 . Memory (MB): peak = 2754.449 ; gain = 0.000 ; free physical = 22056 ; free virtual = 28304

Phase 2 Timer Update And Timing Data Collection

Phase 2.1 Timer Update
Phase 2.1 Timer Update | Checksum: 28523ecab

Time (s): cpu = 00:00:00.01 ; elapsed = 00:00:00.01 . Memory (MB): peak = 2754.449 ; gain = 0.000 ; free physical = 22056 ; free virtual = 28304

Phase 2.2 Timing Data Collection
Phase 2.2 Timing Data Collection | Checksum: 28523ecab

Time (s): cpu = 00:00:00.01 ; elapsed = 00:00:00.01 . Memory (MB): peak = 2754.449 ; gain = 0.000 ; free physical = 22056 ; free virtual = 28304
Phase 2 Timer Update And Timing Data Collection | Checksum: 28523ecab

Time (s): cpu = 00:00:00.01 ; elapsed = 00:00:00.01 . Memory (MB): peak = 2754.449 ; gain = 0.000 ; free physical = 22056 ; free virtual = 28304

Phase 3 Retarget
INFO: [Opt 31-1851] Number of loadless carry chains removed were: 0
INFO: [Opt 31-1834] Total Chains To Be Transformed Were: 0 AND Number of Transformed insts Created are: 0
INFO: [Opt 31-138] Pushed 0 inverter(s) to 0 load pin(s).
INFO: [Opt 31-49] Retargeted 0 cell(s).
Phase 3 Retarget | Checksum: 28523ecab

Time (s): cpu = 00:00:00.02 ; elapsed = 00:00:00.02 . Memory (MB): peak = 2754.449 ; gain = 0.000 ; free physical = 22056 ; free virtual = 28304
Retarget | Checksum: 28523ecab
INFO: [Opt 31-389] Phase Retarget created 0 cells and removed 0 cells

Phase 4 Constant propagation
INFO: [Opt 31-138] Pushed 0 inverter(s) to 0 load pin(s).
Phase 4 Constant propagation | Checksum: 276011f67

Time (s): cpu = 00:00:00.02 ; elapsed = 00:00:00.02 . Memory (MB): peak = 2754.449 ; gain = 0.000 ; free physical = 22056 ; free virtual = 28304
Constant propagation | Checksum: 276011f67
INFO: [Opt 31-389] Phase Constant propagation created 0 cells and removed 0 cells

Phase 5 Sweep
INFO: [Constraints 18-11670] Building netlist checker database with flags, 0x8
Done building netlist checker database: Time (s): cpu = 00:00:00 ; elapsed = 00:00:00 . Memory (MB): peak = 2754.449 ; gain = 0.000 ; free physical = 22056 ; free virtual = 28304
Phase 5 Sweep | Checksum: 2bd0a5400

Time (s): cpu = 00:00:00.02 ; elapsed = 00:00:00.02 . Memory (MB): peak = 2754.449 ; gain = 0.000 ; free physical = 22056 ; free virtual = 28304
Sweep | Checksum: 2bd0a5400
INFO: [Opt 31-389] Phase Sweep created 0 cells and removed 0 cells

Phase 6 BUFG optimization
Phase 6 BUFG optimization | Checksum: 2bd0a5400

Time (s): cpu = 00:00:00.02 ; elapsed = 00:00:00.03 . Memory (MB): peak = 2786.465 ; gain = 32.016 ; free physical = 22056 ; free virtual = 28304
BUFG optimization | Checksum: 2bd0a5400
INFO: [Opt 31-662] Phase BUFG optimization created 0 cells of which 0 are BUFGs and removed 0 cells.

Phase 7 Shift Register Optimization
INFO: [Opt 31-1064] SRL Remap converted 0 SRLs to 0 registers and converted 0 registers of register chains to 0 SRLs
Phase 7 Shift Register Optimization | Checksum: 2bd0a5400

Time (s): cpu = 00:00:00.03 ; elapsed = 00:00:00.03 . Memory (MB): peak = 2786.465 ; gain = 32.016 ; free physical = 22056 ; free virtual = 28304
Shift Register Optimization | Checksum: 2bd0a5400
INFO: [Opt 31-389] Phase Shift Register Optimization created 0 cells and removed 0 cells

Phase 8 Post Processing Netlist
Phase 8 Post Processing Netlist | Checksum: 2bd0a5400

Time (s): cpu = 00:00:00.03 ; elapsed = 00:00:00.03 . Memory (MB): peak = 2786.465 ; gain = 32.016 ; free physical = 22056 ; free virtual = 28304
Post Processing Netlist | Checksum: 2bd0a5400
INFO: [Opt 31-389] Phase Post Processing Netlist created 0 cells and removed 0 cells

Phase 9 Finalization

Phase 9.1 Finalizing Design Cores and Updating Shapes
Phase 9.1 Finalizing Design Cores and Updating Shapes | Checksum: 208adb40b

Time (s): cpu = 00:00:00.03 ; elapsed = 00:00:00.03 . Memory (MB): peak = 2786.465 ; gain = 32.016 ; free physical = 22056 ; free virtual = 28304

Phase 9.2 Verifying Netlist Connectivity

Starting Connectivity Check Task

Time (s): cpu = 00:00:00 ; elapsed = 00:00:00.01 . Memory (MB): peak = 2786.465 ; gain = 0.000 ; free physical = 22056 ; free virtual = 28304
Phase 9.2 Verifying Netlist Connectivity | Checksum: 208adb40b

Time (s): cpu = 00:00:00.03 ; elapsed = 00:00:00.04 . Memory (MB): peak = 2786.465 ; gain = 32.016 ; free physical = 22056 ; free virtual = 28304
Phase 9 Finalization | Checksum: 208adb40b

Time (s): cpu = 00:00:00.03 ; elapsed = 00:00:00.04 . Memory (MB): peak = 2786.465 ; gain = 32.016 ; free physical = 22056 ; free virtual = 28304
Opt_design Change Summary
=========================


-------------------------------------------------------------------------------------------------------------------------
|  Phase                        |  #Cells created  |  #Cells Removed  |  #Constrained objects preventing optimizations  |
-------------------------------------------------------------------------------------------------------------------------
|  Retarget                     |               0  |               0  |                                              0  |
|  Constant propagation         |               0  |               0  |                                              0  |
|  Sweep                        |               0  |               0  |                                              0  |
|  BUFG optimization            |               0  |               0  |                                              0  |
|  Shift Register Optimization  |               0  |               0  |                                              0  |
|  Post Processing Netlist      |               0  |               0  |                                              0  |
-------------------------------------------------------------------------------------------------------------------------


Ending Logic Optimization Task | Checksum: 208adb40b

Time (s): cpu = 00:00:00.04 ; elapsed = 00:00:00.04 . Memory (MB): peak = 2786.465 ; gain = 32.016 ; free physical = 22056 ; free virtual = 28304

Starting Power Optimization Task
INFO: [Pwropt 34-132] Skipping clock gating for clocks with a period < 2.00 ns.
Ending Power Optimization Task | Checksum: 208adb40b

Time (s): cpu = 00:00:00 ; elapsed = 00:00:00 . Memory (MB): peak = 2786.465 ; gain = 0.000 ; free physical = 22056 ; free virtual = 28304

Starting Final Cleanup Task
Ending Final Cleanup Task | Checksum: 208adb40b

Time (s): cpu = 00:00:00 ; elapsed = 00:00:00 . Memory (MB): peak = 2786.465 ; gain = 0.000 ; free physical = 22056 ; free virtual = 28304

Starting Netlist Obfuscation Task
Netlist sorting complete. Time (s): cpu = 00:00:00 ; elapsed = 00:00:00 . Memory (MB): peak = 2786.465 ; gain = 0.000 ; free physical = 22056 ; free virtual = 28304
Ending Netlist Obfuscation Task | Checksum: 208adb40b

Time (s): cpu = 00:00:00 ; elapsed = 00:00:00 . Memory (MB): peak = 2786.465 ; gain = 0.000 ; free physical = 22056 ; free virtual = 28304
INFO: [Common 17-83] Releasing license: Implementation
27 Infos, 22 Warnings, 22 Critical Warnings and 0 Errors encountered.
opt_design completed successfully
opt_design: Time (s): cpu = 00:00:06 ; elapsed = 00:00:05 . Memory (MB): peak = 2786.465 ; gain = 916.676 ; free physical = 22056 ; free virtual = 28304
INFO: [Vivado 12-24828] Executing command : report_drc -file main_drc_opted.rpt -pb main_drc_opted.pb -rpx main_drc_opted.rpx
Command: report_drc -file main_drc_opted.rpt -pb main_drc_opted.pb -rpx main_drc_opted.rpx
INFO: [IP_Flow 19-234] Refreshing IP repositories
INFO: [IP_Flow 19-1704] No user IP repositories specified
INFO: [IP_Flow 19-2313] Loaded Vivado IP repository '/home/mati/Xilinx/2025.1/Vivado/data/ip'.
INFO: [DRC 23-27] Running DRC with 8 threads
INFO: [Vivado_Tcl 2-168] The results of DRC are in file /home/mati/Documents/KacpiPUL/project_1.runs/impl_1/main_drc_opted.rpt.
report_drc completed successfully
INFO: [Timing 38-480] Writing timing data to binary archive.
Wrote PlaceDB: Time (s): cpu = 00:00:00 ; elapsed = 00:00:00 . Memory (MB): peak = 2803.309 ; gain = 0.000 ; free physical = 22039 ; free virtual = 28286
Wrote PulsedLatchDB: Time (s): cpu = 00:00:00 ; elapsed = 00:00:00 . Memory (MB): peak = 2803.309 ; gain = 0.000 ; free physical = 22039 ; free virtual = 28286
Writing XDEF routing.
Write ShapeDB Complete: Time (s): cpu = 00:00:00.01 ; elapsed = 00:00:00 . Memory (MB): peak = 2803.309 ; gain = 0.000 ; free physical = 22039 ; free virtual = 28286
Writing XDEF routing logical nets.
Writing XDEF routing special nets.
Wrote RouteStorage: Time (s): cpu = 00:00:00.04 ; elapsed = 00:00:00.01 . Memory (MB): peak = 2803.309 ; gain = 0.000 ; free physical = 22037 ; free virtual = 28284
Wrote Netlist Cache: Time (s): cpu = 00:00:00 ; elapsed = 00:00:00 . Memory (MB): peak = 2803.309 ; gain = 0.000 ; free physical = 22037 ; free virtual = 28284
Wrote Device Cache: Time (s): cpu = 00:00:00 ; elapsed = 00:00:00 . Memory (MB): peak = 2803.309 ; gain = 0.000 ; free physical = 22036 ; free virtual = 28284
Write Physdb Complete: Time (s): cpu = 00:00:00.04 ; elapsed = 00:00:00.01 . Memory (MB): peak = 2803.309 ; gain = 0.000 ; free physical = 22036 ; free virtual = 28284
INFO: [Common 17-1381] The checkpoint '/home/mati/Documents/KacpiPUL/project_1.runs/impl_1/main_opt.dcp' has been generated.
Command: place_design
Attempting to get a license for feature 'Implementation' and/or device 'xc7a35ti'
INFO: [Common 17-349] Got license for feature 'Implementation' and/or device 'xc7a35ti'
INFO: [Common 17-83] Releasing license: Implementation
INFO: [DRC 23-27] Running DRC with 8 threads
INFO: [Vivado_Tcl 4-198] DRC finished with 0 Errors
INFO: [Vivado_Tcl 4-199] Please refer to the DRC report (report_drc) for more information.
Running DRC as a precondition to command place_design
INFO: [DRC 23-27] Running DRC with 8 threads
INFO: [Vivado_Tcl 4-198] DRC finished with 0 Errors
INFO: [Vivado_Tcl 4-199] Please refer to the DRC report (report_drc) for more information.
INFO: [Place 30-611] Multithreading enabled for place_design using a maximum of 8 CPUs

Starting Placer Task

Phase 1 Placer Initialization

Phase 1.1 Placer Initialization Netlist Sorting
Netlist sorting complete. Time (s): cpu = 00:00:00 ; elapsed = 00:00:00 . Memory (MB): peak = 2822.566 ; gain = 0.000 ; free physical = 21985 ; free virtual = 28232
Phase 1.1 Placer Initialization Netlist Sorting | Checksum: 159ea1479

Time (s): cpu = 00:00:00 ; elapsed = 00:00:00 . Memory (MB): peak = 2822.566 ; gain = 0.000 ; free physical = 21985 ; free virtual = 28232
Netlist sorting complete. Time (s): cpu = 00:00:00 ; elapsed = 00:00:00 . Memory (MB): peak = 2822.566 ; gain = 0.000 ; free physical = 21985 ; free virtual = 28232

Phase 1.2 IO Placement/ Clock Placement/ Build Placer Device
INFO: [Timing 38-35] Done setting XDC timing constraints.
Phase 1.2 IO Placement/ Clock Placement/ Build Placer Device | Checksum: 2071e7286

Time (s): cpu = 00:00:00.5 ; elapsed = 00:00:00.18 . Memory (MB): peak = 2822.566 ; gain = 0.000 ; free physical = 21973 ; free virtual = 28220

Phase 1.3 Build Placer Netlist Model
Phase 1.3 Build Placer Netlist Model | Checksum: 2d7d63ff6

Time (s): cpu = 00:00:01 ; elapsed = 00:00:00.29 . Memory (MB): peak = 2861.609 ; gain = 39.043 ; free physical = 21973 ; free virtual = 28220

Phase 1.4 Constrain Clocks/Macros
Phase 1.4 Constrain Clocks/Macros | Checksum: 2d7d63ff6

Time (s): cpu = 00:00:01 ; elapsed = 00:00:00.29 . Memory (MB): peak = 2861.609 ; gain = 39.043 ; free physical = 21973 ; free virtual = 28220
Phase 1 Placer Initialization | Checksum: 2d7d63ff6

Time (s): cpu = 00:00:01 ; elapsed = 00:00:00.29 . Memory (MB): peak = 2861.609 ; gain = 39.043 ; free physical = 21973 ; free virtual = 28220

Phase 2 Global Placement

Phase 2.1 Floorplanning
Phase 2.1 Floorplanning | Checksum: 2a2f2146c

Time (s): cpu = 00:00:01 ; elapsed = 00:00:00.33 . Memory (MB): peak = 2861.609 ; gain = 39.043 ; free physical = 21966 ; free virtual = 28214

Phase 2.2 Update Timing before SLR Path Opt
Phase 2.2 Update Timing before SLR Path Opt | Checksum: 2205c37fa

Time (s): cpu = 00:00:02 ; elapsed = 00:00:00.39 . Memory (MB): peak = 2861.609 ; gain = 39.043 ; free physical = 21993 ; free virtual = 28240

Phase 2.3 Post-Processing in Floorplanning
Phase 2.3 Post-Processing in Floorplanning | Checksum: 2205c37fa

Time (s): cpu = 00:00:02 ; elapsed = 00:00:00.39 . Memory (MB): peak = 2861.609 ; gain = 39.043 ; free physical = 21993 ; free virtual = 28240

Phase 2.4 Global Place Phase1
Phase 2.4 Global Place Phase1 | Checksum: 288f98e96

Time (s): cpu = 00:00:05 ; elapsed = 00:00:01 . Memory (MB): peak = 2861.609 ; gain = 39.043 ; free physical = 22042 ; free virtual = 28286

Phase 2.5 Global Place Phase2

Phase 2.5.1 UpdateTiming Before Physical Synthesis
Phase 2.5.1 UpdateTiming Before Physical Synthesis | Checksum: 288f98e96

Time (s): cpu = 00:00:05 ; elapsed = 00:00:01 . Memory (MB): peak = 2861.609 ; gain = 39.043 ; free physical = 22047 ; free virtual = 28291

Phase 2.5.2 Physical Synthesis In Placer
INFO: [Physopt 32-1035] Found 0 LUTNM shape to break, 16 LUT instances to create LUTNM shape
INFO: [Physopt 32-1044] Break lutnm for timing: one critical 0, two critical 0, total 0, new lutff created 0
INFO: [Physopt 32-1138] End 1 Pass. Optimized 8 nets or LUTs. Breaked 0 LUT, combined 8 existing LUTs and moved 0 existing LUT
INFO: [Physopt 32-65] No nets found for high-fanout optimization.
INFO: [Physopt 32-232] Optimized 0 net. Created 0 new instance.
INFO: [Physopt 32-775] End 1 Pass. Optimized 0 net or cell. Created 0 new cell, deleted 0 existing cell and moved 0 existing cell
INFO: [Physopt 32-670] No setup violation found.  DSP Register Optimization was not performed.
INFO: [Physopt 32-670] No setup violation found.  Shift Register to Pipeline Optimization was not performed.
INFO: [Physopt 32-670] No setup violation found.  Shift Register Optimization was not performed.
INFO: [Physopt 32-670] No setup violation found.  BRAM Register Optimization was not performed.
INFO: [Physopt 32-670] No setup violation found.  URAM Register Optimization was not performed.
INFO: [Physopt 32-949] No candidate nets found for dynamic/static region interface net replication
INFO: [Physopt 32-775] End 1 Pass. Optimized 0 net or cell. Created 0 new cell, deleted 0 existing cell and moved 0 existing cell
Netlist sorting complete. Time (s): cpu = 00:00:00 ; elapsed = 00:00:00 . Memory (MB): peak = 2861.609 ; gain = 0.000 ; free physical = 22041 ; free virtual = 28293

Summary of Physical Synthesis Optimizations
============================================


-----------------------------------------------------------------------------------------------------------------------------------------------------------
|  Optimization                                     |  Added Cells  |  Removed Cells  |  Optimized Cells/Nets  |  Dont Touch  |  Iterations  |  Elapsed   |
-----------------------------------------------------------------------------------------------------------------------------------------------------------
|  LUT Combining                                    |            0  |              8  |                     8  |           0  |           1  |  00:00:00  |
|  Retime                                           |            0  |              0  |                     0  |           0  |           1  |  00:00:00  |
|  Very High Fanout                                 |            0  |              0  |                     0  |           0  |           1  |  00:00:00  |
|  DSP Register                                     |            0  |              0  |                     0  |           0  |           0  |  00:00:00  |
|  Shift Register to Pipeline                       |            0  |              0  |                     0  |           0  |           0  |  00:00:00  |
|  Shift Register                                   |            0  |              0  |                     0  |           0  |           0  |  00:00:00  |
|  BRAM Register                                    |            0  |              0  |                     0  |           0  |           0  |  00:00:00  |
|  URAM Register                                    |            0  |              0  |                     0  |           0  |           0  |  00:00:00  |
|  Dynamic/Static Region Interface Net Replication  |            0  |              0  |                     0  |           0  |           1  |  00:00:00  |
|  Total                                            |            0  |              8  |                     8  |           0  |           4  |  00:00:00  |
-----------------------------------------------------------------------------------------------------------------------------------------------------------


Phase 2.5.2 Physical Synthesis In Placer | Checksum: 311d2b4ca

Time (s): cpu = 00:00:06 ; elapsed = 00:00:01 . Memory (MB): peak = 2861.609 ; gain = 39.043 ; free physical = 22041 ; free virtual = 28293
Phase 2.5 Global Place Phase2 | Checksum: 2760db1aa

Time (s): cpu = 00:00:06 ; elapsed = 00:00:02 . Memory (MB): peak = 2861.609 ; gain = 39.043 ; free physical = 22041 ; free virtual = 28293
Phase 2 Global Placement | Checksum: 2760db1aa

Time (s): cpu = 00:00:06 ; elapsed = 00:00:02 . Memory (MB): peak = 2861.609 ; gain = 39.043 ; free physical = 22041 ; free virtual = 28293

Phase 3 Detail Placement

Phase 3.1 Commit Multi Column Macros
Phase 3.1 Commit Multi Column Macros | Checksum: 2c314e4aa

Time (s): cpu = 00:00:06 ; elapsed = 00:00:02 . Memory (MB): peak = 2861.609 ; gain = 39.043 ; free physical = 22041 ; free virtual = 28293

Phase 3.2 Commit Most Macros & LUTRAMs
Phase 3.2 Commit Most Macros & LUTRAMs | Checksum: 266b23a5d

Time (s): cpu = 00:00:06 ; elapsed = 00:00:02 . Memory (MB): peak = 2861.609 ; gain = 39.043 ; free physical = 22041 ; free virtual = 28293

Phase 3.3 Area Swap Optimization
Phase 3.3 Area Swap Optimization | Checksum: 22f73cf0d

Time (s): cpu = 00:00:06 ; elapsed = 00:00:02 . Memory (MB): peak = 2861.609 ; gain = 39.043 ; free physical = 22041 ; free virtual = 28293

Phase 3.4 Pipeline Register Optimization
Phase 3.4 Pipeline Register Optimization | Checksum: 2975beafe

Time (s): cpu = 00:00:07 ; elapsed = 00:00:02 . Memory (MB): peak = 2861.609 ; gain = 39.043 ; free physical = 22041 ; free virtual = 28293

Phase 3.5 Small Shape Detail Placement
Phase 3.5 Small Shape Detail Placement | Checksum: 20846b0dd

Time (s): cpu = 00:00:08 ; elapsed = 00:00:02 . Memory (MB): peak = 2861.609 ; gain = 39.043 ; free physical = 22040 ; free virtual = 28292

Phase 3.6 Re-assign LUT pins
Phase 3.6 Re-assign LUT pins | Checksum: 1f8ce1326

Time (s): cpu = 00:00:08 ; elapsed = 00:00:02 . Memory (MB): peak = 2861.609 ; gain = 39.043 ; free physical = 22040 ; free virtual = 28292

Phase 3.7 Pipeline Register Optimization
Phase 3.7 Pipeline Register Optimization | Checksum: 190c62f15

Time (s): cpu = 00:00:08 ; elapsed = 00:00:02 . Memory (MB): peak = 2861.609 ; gain = 39.043 ; free physical = 22040 ; free virtual = 28292
Phase 3 Detail Placement | Checksum: 190c62f15

Time (s): cpu = 00:00:08 ; elapsed = 00:00:02 . Memory (MB): peak = 2861.609 ; gain = 39.043 ; free physical = 22040 ; free virtual = 28292

Phase 4 Post Placement Optimization and Clean-Up

Phase 4.1 Post Commit Optimization
INFO: [Timing 38-35] Done setting XDC timing constraints.

Phase 4.1.1 Post Placement Optimization
Post Placement Optimization Initialization | Checksum: 265385cea

Phase 4.1.1.1 BUFG Insertion

Starting Physical Synthesis Task

Phase 1 Physical Synthesis Initialization
INFO: [Physopt 32-721] Multithreading enabled for phys_opt_design using a maximum of 8 CPUs
INFO: [Physopt 32-619] Estimated Timing Summary | WNS=5.154 | TNS=0.000 |
Phase 1 Physical Synthesis Initialization | Checksum: 25c2a281b

Time (s): cpu = 00:00:00.14 ; elapsed = 00:00:00.02 . Memory (MB): peak = 2861.609 ; gain = 0.000 ; free physical = 22040 ; free virtual = 28292
INFO: [Place 46-56] BUFG insertion identified 0 candidate nets. Inserted BUFG: 0, Replicated BUFG Driver: 0, Skipped due to Placement/Routing Conflicts: 0, Skipped due to Timing Degradation: 0, Skipped due to netlist editing failed: 0.
Ending Physical Synthesis Task | Checksum: 244ffc2dc

Time (s): cpu = 00:00:00.17 ; elapsed = 00:00:00.02 . Memory (MB): peak = 2861.609 ; gain = 0.000 ; free physical = 22040 ; free virtual = 28292
Phase 4.1.1.1 BUFG Insertion | Checksum: 265385cea

Time (s): cpu = 00:00:09 ; elapsed = 00:00:02 . Memory (MB): peak = 2861.609 ; gain = 39.043 ; free physical = 22040 ; free virtual = 28292

Phase 4.1.1.2 Post Placement Timing Optimization
INFO: [Place 30-746] Post Placement Timing Summary WNS=5.154. For the most accurate timing information please run report_timing.
Phase 4.1.1.2 Post Placement Timing Optimization | Checksum: 1cf4e1fae

Time (s): cpu = 00:00:09 ; elapsed = 00:00:02 . Memory (MB): peak = 2861.609 ; gain = 39.043 ; free physical = 22040 ; free virtual = 28292

Time (s): cpu = 00:00:09 ; elapsed = 00:00:02 . Memory (MB): peak = 2861.609 ; gain = 39.043 ; free physical = 22040 ; free virtual = 28292
Phase 4.1 Post Commit Optimization | Checksum: 1cf4e1fae

Time (s): cpu = 00:00:09 ; elapsed = 00:00:02 . Memory (MB): peak = 2861.609 ; gain = 39.043 ; free physical = 22040 ; free virtual = 28292

Phase 4.2 Post Placement Cleanup
Phase 4.2 Post Placement Cleanup | Checksum: 1cf4e1fae

Time (s): cpu = 00:00:09 ; elapsed = 00:00:02 . Memory (MB): peak = 2861.609 ; gain = 39.043 ; free physical = 22040 ; free virtual = 28292

Phase 4.3 Placer Reporting

Phase 4.3.1 Print Estimated Congestion
INFO: [Place 30-612] Post-Placement Estimated Congestion 
 ____________________________________________________
|           | Global Congestion | Short Congestion  |
| Direction | Region Size       | Region Size       |
|___________|___________________|___________________|
|      North|                1x1|                1x1|
|___________|___________________|___________________|
|      South|                1x1|                1x1|
|___________|___________________|___________________|
|       East|                1x1|                1x1|
|___________|___________________|___________________|
|       West|                1x1|                1x1|
|___________|___________________|___________________|

Phase 4.3.1 Print Estimated Congestion | Checksum: 1cf4e1fae

Time (s): cpu = 00:00:09 ; elapsed = 00:00:02 . Memory (MB): peak = 2861.609 ; gain = 39.043 ; free physical = 22040 ; free virtual = 28292
Phase 4.3 Placer Reporting | Checksum: 1cf4e1fae

Time (s): cpu = 00:00:09 ; elapsed = 00:00:02 . Memory (MB): peak = 2861.609 ; gain = 39.043 ; free physical = 22040 ; free virtual = 28292

Phase 4.4 Final Placement Cleanup
Netlist sorting complete. Time (s): cpu = 00:00:00.01 ; elapsed = 00:00:00 . Memory (MB): peak = 2861.609 ; gain = 0.000 ; free physical = 22040 ; free virtual = 28292

Time (s): cpu = 00:00:09 ; elapsed = 00:00:02 . Memory (MB): peak = 2861.609 ; gain = 39.043 ; free physical = 22040 ; free virtual = 28292
Phase 4 Post Placement Optimization and Clean-Up | Checksum: 188288b41

Time (s): cpu = 00:00:09 ; elapsed = 00:00:02 . Memory (MB): peak = 2861.609 ; gain = 39.043 ; free physical = 22040 ; free virtual = 28292
Ending Placer Task | Checksum: 14f168edd

Time (s): cpu = 00:00:09 ; elapsed = 00:00:02 . Memory (MB): peak = 2861.609 ; gain = 39.043 ; free physical = 22040 ; free virtual = 28292
64 Infos, 22 Warnings, 22 Critical Warnings and 0 Errors encountered.
place_design completed successfully
INFO: [Vivado 12-24838] Running report commands "report_control_sets, report_io, report_utilization" in parallel.
Running report generation with 3 threads.
INFO: [Vivado 12-24828] Executing command : report_control_sets -verbose -file main_control_sets_placed.rpt
report_control_sets: Time (s): cpu = 00:00:00.04 ; elapsed = 00:00:00.04 . Memory (MB): peak = 2861.609 ; gain = 0.000 ; free physical = 22027 ; free virtual = 28280
INFO: [Vivado 12-24828] Executing command : report_utilization -file main_utilization_placed.rpt -pb main_utilization_placed.pb
INFO: [Vivado 12-24828] Executing command : report_io -file main_io_placed.rpt
report_io: Time (s): cpu = 00:00:00.11 ; elapsed = 00:00:00.1 . Memory (MB): peak = 2861.609 ; gain = 0.000 ; free physical = 22016 ; free virtual = 28268
INFO: [Timing 38-480] Writing timing data to binary archive.
Write ShapeDB Complete: Time (s): cpu = 00:00:00 ; elapsed = 00:00:00 . Memory (MB): peak = 2861.609 ; gain = 0.000 ; free physical = 22016 ; free virtual = 28268
Wrote PlaceDB: Time (s): cpu = 00:00:00.03 ; elapsed = 00:00:00.01 . Memory (MB): peak = 2861.609 ; gain = 0.000 ; free physical = 22016 ; free virtual = 28268
Wrote PulsedLatchDB: Time (s): cpu = 00:00:00 ; elapsed = 00:00:00 . Memory (MB): peak = 2861.609 ; gain = 0.000 ; free physical = 22016 ; free virtual = 28268
Writing XDEF routing.
Writing XDEF routing logical nets.
Writing XDEF routing special nets.
Wrote RouteStorage: Time (s): cpu = 00:00:00.01 ; elapsed = 00:00:00 . Memory (MB): peak = 2861.609 ; gain = 0.000 ; free physical = 22016 ; free virtual = 28268
Wrote Netlist Cache: Time (s): cpu = 00:00:00 ; elapsed = 00:00:00 . Memory (MB): peak = 2861.609 ; gain = 0.000 ; free physical = 22016 ; free virtual = 28268
Wrote Device Cache: Time (s): cpu = 00:00:00 ; elapsed = 00:00:00.01 . Memory (MB): peak = 2861.609 ; gain = 0.000 ; free physical = 22016 ; free virtual = 28269
Write Physdb Complete: Time (s): cpu = 00:00:00.04 ; elapsed = 00:00:00.02 . Memory (MB): peak = 2861.609 ; gain = 0.000 ; free physical = 22015 ; free virtual = 28268
INFO: [Common 17-1381] The checkpoint '/home/mati/Documents/KacpiPUL/project_1.runs/impl_1/main_placed.dcp' has been generated.
Command: phys_opt_design
Attempting to get a license for feature 'Implementation' and/or device 'xc7a35ti'
INFO: [Common 17-349] Got license for feature 'Implementation' and/or device 'xc7a35ti'

Starting Initial Update Timing Task

Time (s): cpu = 00:00:00.03 ; elapsed = 00:00:00.03 . Memory (MB): peak = 2861.609 ; gain = 0.000 ; free physical = 21991 ; free virtual = 28243
INFO: [Vivado_Tcl 4-2279] Estimated Timing Summary | WNS= 5.154 | TNS= 0.000 | 
INFO: [Vivado_Tcl 4-383] Design worst setup slack (WNS) is greater than or equal to 0.000 ns. All physical synthesis setup optimizations will be skipped.
INFO: [Vivado_Tcl 4-232] No setup violation found. The netlist was not modified.
INFO: [Common 17-83] Releasing license: Implementation
75 Infos, 22 Warnings, 22 Critical Warnings and 0 Errors encountered.
phys_opt_design completed successfully
INFO: [Timing 38-480] Writing timing data to binary archive.
Write ShapeDB Complete: Time (s): cpu = 00:00:00 ; elapsed = 00:00:00 . Memory (MB): peak = 2861.609 ; gain = 0.000 ; free physical = 21991 ; free virtual = 28243
Wrote PlaceDB: Time (s): cpu = 00:00:00.02 ; elapsed = 00:00:00.01 . Memory (MB): peak = 2861.609 ; gain = 0.000 ; free physical = 21991 ; free virtual = 28243
Wrote PulsedLatchDB: Time (s): cpu = 00:00:00 ; elapsed = 00:00:00 . Memory (MB): peak = 2861.609 ; gain = 0.000 ; free physical = 21991 ; free virtual = 28243
Writing XDEF routing.
Writing XDEF routing logical nets.
Writing XDEF routing special nets.
Wrote RouteStorage: Time (s): cpu = 00:00:00.01 ; elapsed = 00:00:00.01 . Memory (MB): peak = 2861.609 ; gain = 0.000 ; free physical = 21990 ; free virtual = 28243
Wrote Netlist Cache: Time (s): cpu = 00:00:00 ; elapsed = 00:00:00 . Memory (MB): peak = 2861.609 ; gain = 0.000 ; free physical = 21990 ; free virtual = 28243
Wrote Device Cache: Time (s): cpu = 00:00:00.01 ; elapsed = 00:00:00 . Memory (MB): peak = 2861.609 ; gain = 0.000 ; free physical = 21989 ; free virtual = 28242
Write Physdb Complete: Time (s): cpu = 00:00:00.05 ; elapsed = 00:00:00.02 . Memory (MB): peak = 2861.609 ; gain = 0.000 ; free physical = 21989 ; free virtual = 28242
INFO: [Common 17-1381] The checkpoint '/home/mati/Documents/KacpiPUL/project_1.runs/impl_1/main_physopt.dcp' has been generated.
Command: route_design
Attempting to get a license for feature 'Implementation' and/or device 'xc7a35ti'
INFO: [Common 17-349] Got license for feature 'Implementation' and/or device 'xc7a35ti'


Starting Routing Task
INFO: [Route 35-254] Multithreading enabled for route_design using a maximum of 8 CPUs

Phase 1 Build RT Design
Checksum: PlaceDB: 1750780a ConstDB: 0 ShapeSum: 9744ba7c RouteDB: a0815c57
Post Restoration Checksum: NetGraph: 388f6883 | NumContArr: 359ee67b | Constraints: c2a8fa9d | Timing: c2a8fa9d
Phase 1 Build RT Design | Checksum: 1f3804438

Time (s): cpu = 00:00:09 ; elapsed = 00:00:08 . Memory (MB): peak = 2937.555 ; gain = 75.945 ; free physical = 21880 ; free virtual = 28126

Phase 2 Router Initialization

Phase 2.1 Fix Topology Constraints
Phase 2.1 Fix Topology Constraints | Checksum: 1f3804438

Time (s): cpu = 00:00:09 ; elapsed = 00:00:08 . Memory (MB): peak = 2937.555 ; gain = 75.945 ; free physical = 21880 ; free virtual = 28126

Phase 2.2 Pre Route Cleanup
Phase 2.2 Pre Route Cleanup | Checksum: 1f3804438

Time (s): cpu = 00:00:09 ; elapsed = 00:00:08 . Memory (MB): peak = 2937.555 ; gain = 75.945 ; free physical = 21880 ; free virtual = 28126
 Number of Nodes with overlaps = 0

Phase 2.3 Update Timing
Phase 2.3 Update Timing | Checksum: 362d90f0f

Time (s): cpu = 00:00:10 ; elapsed = 00:00:08 . Memory (MB): peak = 2962.555 ; gain = 100.945 ; free physical = 21864 ; free virtual = 28110
INFO: [Route 35-416] Intermediate Timing Summary | WNS=5.157  | TNS=0.000  | WHS=-0.093 | THS=-1.204 |


Phase 2.4 Soft Constraint Pins - Fast Budgeting
Phase 2.4 Soft Constraint Pins - Fast Budgeting | Checksum: 382ef98f8

Time (s): cpu = 00:00:10 ; elapsed = 00:00:08 . Memory (MB): peak = 2978.555 ; gain = 116.945 ; free physical = 21856 ; free virtual = 28103

Router Utilization Summary
  Global Vertical Routing Utilization    = 0 %
  Global Horizontal Routing Utilization  = 0 %
  Routable Net Status*
  *Does not include unroutable nets such as driverless and loadless.
  Run report_route_status for detailed report.
  Number of Failed Nets               = 235
    (Failed Nets is the sum of unrouted and partially routed nets)
  Number of Unrouted Nets             = 235
  Number of Partially Routed Nets     = 0
  Number of Node Overlaps             = 0

Phase 2 Router Initialization | Checksum: 382ef98f8

Time (s): cpu = 00:00:10 ; elapsed = 00:00:08 . Memory (MB): peak = 2978.555 ; gain = 116.945 ; free physical = 21856 ; free virtual = 28103

Phase 3 Global Routing
Phase 3 Global Routing | Checksum: 382ef98f8

Time (s): cpu = 00:00:10 ; elapsed = 00:00:08 . Memory (MB): peak = 2978.555 ; gain = 116.945 ; free physical = 21856 ; free virtual = 28103

Phase 4 Initial Routing

Phase 4.1 Initial Net Routing Pass
Phase 4.1 Initial Net Routing Pass | Checksum: 24fc2df13

Time (s): cpu = 00:00:10 ; elapsed = 00:00:08 . Memory (MB): peak = 2978.555 ; gain = 116.945 ; free physical = 21856 ; free virtual = 28103
Phase 4 Initial Routing | Checksum: 24fc2df13

Time (s): cpu = 00:00:10 ; elapsed = 00:00:08 . Memory (MB): peak = 2978.555 ; gain = 116.945 ; free physical = 21856 ; free virtual = 28103

Phase 5 Rip-up And Reroute

Phase 5.1 Global Iteration 0
 Number of Nodes with overlaps = 11
 Number of Nodes with overlaps = 1
 Number of Nodes with overlaps = 0
INFO: [Route 35-416] Intermediate Timing Summary | WNS=4.757  | TNS=0.000  | WHS=N/A    | THS=N/A    |

Phase 5.1 Global Iteration 0 | Checksum: 1cfc355c6

Time (s): cpu = 00:00:10 ; elapsed = 00:00:08 . Memory (MB): peak = 2978.555 ; gain = 116.945 ; free physical = 21856 ; free virtual = 28103
Phase 5 Rip-up And Reroute | Checksum: 1cfc355c6

Time (s): cpu = 00:00:10 ; elapsed = 00:00:08 . Memory (MB): peak = 2978.555 ; gain = 116.945 ; free physical = 21856 ; free virtual = 28103

Phase 6 Delay and Skew Optimization

Phase 6.1 Delay CleanUp

Phase 6.1.1 Update Timing
Phase 6.1.1 Update Timing | Checksum: 2b2611599

Time (s): cpu = 00:00:10 ; elapsed = 00:00:08 . Memory (MB): peak = 2978.555 ; gain = 116.945 ; free physical = 21856 ; free virtual = 28103
INFO: [Route 35-416] Intermediate Timing Summary | WNS=4.850  | TNS=0.000  | WHS=N/A    | THS=N/A    |

Phase 6.1 Delay CleanUp | Checksum: 2b2611599

Time (s): cpu = 00:00:10 ; elapsed = 00:00:08 . Memory (MB): peak = 2978.555 ; gain = 116.945 ; free physical = 21856 ; free virtual = 28103

Phase 6.2 Clock Skew Optimization
Phase 6.2 Clock Skew Optimization | Checksum: 2b2611599

Time (s): cpu = 00:00:10 ; elapsed = 00:00:08 . Memory (MB): peak = 2978.555 ; gain = 116.945 ; free physical = 21856 ; free virtual = 28103
Phase 6 Delay and Skew Optimization | Checksum: 2b2611599

Time (s): cpu = 00:00:10 ; elapsed = 00:00:08 . Memory (MB): peak = 2978.555 ; gain = 116.945 ; free physical = 21856 ; free virtual = 28103

Phase 7 Post Hold Fix

Phase 7.1 Hold Fix Iter
INFO: [Route 35-416] Intermediate Timing Summary | WNS=4.850  | TNS=0.000  | WHS=0.157  | THS=0.000  |

Phase 7.1 Hold Fix Iter | Checksum: 25c7925e7

Time (s): cpu = 00:00:10 ; elapsed = 00:00:09 . Memory (MB): peak = 2978.555 ; gain = 116.945 ; free physical = 21856 ; free virtual = 28103
Phase 7 Post Hold Fix | Checksum: 25c7925e7

Time (s): cpu = 00:00:10 ; elapsed = 00:00:09 . Memory (MB): peak = 2978.555 ; gain = 116.945 ; free physical = 21856 ; free virtual = 28103

Phase 8 Route finalize

Router Utilization Summary
  Global Vertical Routing Utilization    = 0.0320497 %
  Global Horizontal Routing Utilization  = 0.034227 %
  Routable Net Status*
  *Does not include unroutable nets such as driverless and loadless.
  Run report_route_status for detailed report.
  Number of Failed Nets               = 0
    (Failed Nets is the sum of unrouted and partially routed nets)
  Number of Unrouted Nets             = 0
  Number of Partially Routed Nets     = 0
  Number of Node Overlaps             = 0

Phase 8 Route finalize | Checksum: 25c7925e7

Time (s): cpu = 00:00:10 ; elapsed = 00:00:09 . Memory (MB): peak = 2978.555 ; gain = 116.945 ; free physical = 21856 ; free virtual = 28103

Phase 9 Verifying routed nets

 Verification completed successfully
Phase 9 Verifying routed nets | Checksum: 25c7925e7

Time (s): cpu = 00:00:10 ; elapsed = 00:00:09 . Memory (MB): peak = 2978.555 ; gain = 116.945 ; free physical = 21856 ; free virtual = 28103

Phase 10 Depositing Routes
Phase 10 Depositing Routes | Checksum: 31e85c875

Time (s): cpu = 00:00:10 ; elapsed = 00:00:09 . Memory (MB): peak = 2978.555 ; gain = 116.945 ; free physical = 21856 ; free virtual = 28103

Phase 11 Post Process Routing
Phase 11 Post Process Routing | Checksum: 31e85c875

Time (s): cpu = 00:00:10 ; elapsed = 00:00:09 . Memory (MB): peak = 2978.555 ; gain = 116.945 ; free physical = 21856 ; free virtual = 28103

Phase 12 Post Router Timing
INFO: [Route 35-57] Estimated Timing Summary | WNS=4.850  | TNS=0.000  | WHS=0.157  | THS=0.000  |

INFO: [Route 35-327] The final timing numbers are based on the router estimated timing analysis. For a complete and accurate timing signoff, please run report_timing_summary.
Phase 12 Post Router Timing | Checksum: 31e85c875

Time (s): cpu = 00:00:10 ; elapsed = 00:00:09 . Memory (MB): peak = 2978.555 ; gain = 116.945 ; free physical = 21856 ; free virtual = 28103
Total Elapsed time in route_design: 8.52 secs

Phase 13 Post-Route Event Processing
Phase 13 Post-Route Event Processing | Checksum: 1b74d4844

Time (s): cpu = 00:00:10 ; elapsed = 00:00:09 . Memory (MB): peak = 2978.555 ; gain = 116.945 ; free physical = 21856 ; free virtual = 28103
INFO: [Route 35-16] Router Completed Successfully
Ending Routing Task | Checksum: 1b74d4844

Time (s): cpu = 00:00:10 ; elapsed = 00:00:09 . Memory (MB): peak = 2978.555 ; gain = 116.945 ; free physical = 21856 ; free virtual = 28103

Routing Is Done.
INFO: [Common 17-83] Releasing license: Implementation
87 Infos, 22 Warnings, 22 Critical Warnings and 0 Errors encountered.
route_design completed successfully
route_design: Time (s): cpu = 00:00:10 ; elapsed = 00:00:09 . Memory (MB): peak = 2978.555 ; gain = 116.945 ; free physical = 21856 ; free virtual = 28103
INFO: [Vivado 12-24828] Executing command : report_drc -file main_drc_routed.rpt -pb main_drc_routed.pb -rpx main_drc_routed.rpx
Command: report_drc -file main_drc_routed.rpt -pb main_drc_routed.pb -rpx main_drc_routed.rpx
INFO: [IP_Flow 19-1839] IP Catalog is up to date.
INFO: [DRC 23-27] Running DRC with 8 threads
INFO: [Vivado_Tcl 2-168] The results of DRC are in file /home/mati/Documents/KacpiPUL/project_1.runs/impl_1/main_drc_routed.rpt.
report_drc completed successfully
INFO: [Vivado 12-24828] Executing command : report_methodology -file main_methodology_drc_routed.rpt -pb main_methodology_drc_routed.pb -rpx main_methodology_drc_routed.rpx
Command: report_methodology -file main_methodology_drc_routed.rpt -pb main_methodology_drc_routed.pb -rpx main_methodology_drc_routed.rpx
INFO: [Timing 38-35] Done setting XDC timing constraints.
INFO: [DRC 23-133] Running Methodology with 8 threads
INFO: [Vivado_Tcl 2-1520] The results of Report Methodology are in file /home/mati/Documents/KacpiPUL/project_1.runs/impl_1/main_methodology_drc_routed.rpt.
report_methodology completed successfully
INFO: [Vivado 12-24828] Executing command : report_timing_summary -max_paths 10 -report_unconstrained -file main_timing_summary_routed.rpt -pb main_timing_summary_routed.pb -rpx main_timing_summary_routed.rpx -warn_on_violation 
INFO: [Timing 38-35] Done setting XDC timing constraints.
INFO: [Timing 38-91] UpdateTimingParams: Speed grade: -1L, Delay Type: min_max.
INFO: [Timing 38-191] Multithreading enabled for timing update using a maximum of 8 CPUs
INFO: [Vivado 12-24838] Running report commands "report_bus_skew, report_incremental_reuse, report_route_status" in parallel.
Running report generation with 3 threads.
INFO: [Vivado 12-24828] Executing command : report_route_status -file main_route_status.rpt -pb main_route_status.pb
INFO: [Vivado 12-24828] Executing command : report_incremental_reuse -file main_incremental_reuse_routed.rpt
INFO: [Vivado_Tcl 4-1062] Incremental flow is disabled. No incremental reuse Info to report.
INFO: [Vivado 12-24828] Executing command : report_bus_skew -warn_on_violation -file main_bus_skew_routed.rpt -pb main_bus_skew_routed.pb -rpx main_bus_skew_routed.rpx
INFO: [Timing 38-91] UpdateTimingParams: Speed grade: -1L, Delay Type: min_max.
INFO: [Timing 38-191] Multithreading enabled for timing update using a maximum of 8 CPUs
INFO: [Vivado 12-24828] Executing command : report_power -file main_power_routed.rpt -pb main_power_summary_routed.pb -rpx main_power_routed.rpx
Command: report_power -file main_power_routed.rpt -pb main_power_summary_routed.pb -rpx main_power_routed.rpx
Running Vector-less Activity Propagation...

Finished Running Vector-less Activity Propagation
107 Infos, 22 Warnings, 22 Critical Warnings and 0 Errors encountered.
report_power completed successfully
INFO: [Vivado 12-24828] Executing command : report_clock_utilization -file main_clock_utilization_routed.rpt
INFO: [Timing 38-480] Writing timing data to binary archive.
Write ShapeDB Complete: Time (s): cpu = 00:00:00 ; elapsed = 00:00:00 . Memory (MB): peak = 3108.859 ; gain = 0.000 ; free physical = 21755 ; free virtual = 28002
Wrote PlaceDB: Time (s): cpu = 00:00:00.02 ; elapsed = 00:00:00.01 . Memory (MB): peak = 3108.859 ; gain = 0.000 ; free physical = 21755 ; free virtual = 28002
Wrote PulsedLatchDB: Time (s): cpu = 00:00:00 ; elapsed = 00:00:00 . Memory (MB): peak = 3108.859 ; gain = 0.000 ; free physical = 21755 ; free virtual = 28002
Writing XDEF routing.
Writing XDEF routing logical nets.
Writing XDEF routing special nets.
Wrote RouteStorage: Time (s): cpu = 00:00:00.03 ; elapsed = 00:00:00.01 . Memory (MB): peak = 3108.859 ; gain = 0.000 ; free physical = 21754 ; free virtual = 28002
Wrote Netlist Cache: Time (s): cpu = 00:00:00 ; elapsed = 00:00:00 . Memory (MB): peak = 3108.859 ; gain = 0.000 ; free physical = 21754 ; free virtual = 28002
Wrote Device Cache: Time (s): cpu = 00:00:00 ; elapsed = 00:00:00 . Memory (MB): peak = 3108.859 ; gain = 0.000 ; free physical = 21754 ; free virtual = 28002
Write Physdb Complete: Time (s): cpu = 00:00:00.05 ; elapsed = 00:00:00.02 . Memory (MB): peak = 3108.859 ; gain = 0.000 ; free physical = 21754 ; free virtual = 28002
INFO: [Common 17-1381] The checkpoint '/home/mati/Documents/KacpiPUL/project_1.runs/impl_1/main_routed.dcp' has been generated.
Command: write_bitstream -force main.bit
Attempting to get a license for feature 'Implementation' and/or device 'xc7a35ti'
INFO: [Common 17-349] Got license for feature 'Implementation' and/or device 'xc7a35ti'
Running DRC as a precondition to command write_bitstream
INFO: [IP_Flow 19-1839] IP Catalog is up to date.
INFO: [DRC 23-27] Running DRC with 8 threads
INFO: [Vivado 12-3199] DRC finished with 0 Errors
INFO: [Vivado 12-3200] Please refer to the DRC report (report_drc) for more information.
INFO: [Designutils 20-2272] Running write_bitstream with 8 threads.
Loading data files...
Loading site data...
Loading route data...
Processing options...
Creating bitmap...
Creating bitstream...
Writing bitstream ./main.bit...
INFO: [Vivado 12-1842] Bitgen Completed Successfully.
INFO: [Project 1-1876] WebTalk data collection is mandatory when using a ULT device. To see the specific WebTalk data collected for your design, open the usage_statistics_webtalk.html or usage_statistics_webtalk.xml file in the implementation directory.
INFO: [Common 17-83] Releasing license: Implementation
119 Infos, 22 Warnings, 22 Critical Warnings and 0 Errors encountered.
write_bitstream completed successfully
write_bitstream: Time (s): cpu = 00:00:08 ; elapsed = 00:00:05 . Memory (MB): peak = 3335.453 ; gain = 226.594 ; free physical = 21467 ; free virtual = 27716
INFO: [Common 17-206] Exiting Vivado at Wed Jun 18 10:27:45 2025...
